<?xml version="1.0" encoding="UTF-8"?>
<!-- Generated by org.testng.reporters.JUnitReportReporter -->
<testsuite hostname="DESKTOP-SUPC8FG" failures="0" tests="1" name="PCS_EDO_Module.EDO" time="27.383" errors="0" timestamp="2 Mar 2020 05:33:15 GMT">
  <testcase classname="PCS_EDO_Module.EDO" name="CreateNewAccount" time="27.383"/>
</testsuite> <!-- PCS_EDO_Module.EDO -->
